Using pre-set license
Built from '2022.3/staging' branch; Version is '2022.3.2f1 (d74737c6db50) revision 14108471'; Using compiler version '192829333'; Build Type 'Release'
OS: 'Windows 11  (10.0.22621) 64bit Professional' Language: 'en' Physical Memory: 16189 MB
BatchMode: 1, IsHumanControllingUs: 0, StartBugReporterOnCrash: 0, Is64bit: 1, IsPro: 1

COMMAND LINE ARGUMENTS:
C:\Program Files\Unity\Hub\Editor\2022.3.2f1\Editor\Unity.exe
-adb2
-batchMode
-noUpm
-name
AssetImportWorker0
-projectPath
D:/Unity/MyGames/PCG-Dungeon
-logFile
Logs/AssetImportWorker0.log
-srvPort
12523
Successfully changed project path to: D:/Unity/MyGames/PCG-Dungeon
D:/Unity/MyGames/PCG-Dungeon
[UnityMemory] Configuration Parameters - Can be set up in boot.config
    "memorysetup-bucket-allocator-granularity=16"
    "memorysetup-bucket-allocator-bucket-count=8"
    "memorysetup-bucket-allocator-block-size=33554432"
    "memorysetup-bucket-allocator-block-count=8"
    "memorysetup-main-allocator-block-size=16777216"
    "memorysetup-thread-allocator-block-size=16777216"
    "memorysetup-gfx-main-allocator-block-size=16777216"
    "memorysetup-gfx-thread-allocator-block-size=16777216"
    "memorysetup-cache-allocator-block-size=4194304"
    "memorysetup-typetree-allocator-block-size=2097152"
    "memorysetup-profiler-bucket-allocator-granularity=16"
    "memorysetup-profiler-bucket-allocator-bucket-count=8"
    "memorysetup-profiler-bucket-allocator-block-size=33554432"
    "memorysetup-profiler-bucket-allocator-block-count=8"
    "memorysetup-profiler-allocator-block-size=16777216"
    "memorysetup-profiler-editor-allocator-block-size=1048576"
    "memorysetup-temp-allocator-size-main=16777216"
    "memorysetup-job-temp-allocator-block-size=2097152"
    "memorysetup-job-temp-allocator-block-size-background=1048576"
    "memorysetup-job-temp-allocator-reduction-small-platforms=262144"
    "memorysetup-allocator-temp-initial-block-size-main=262144"
    "memorysetup-allocator-temp-initial-block-size-worker=262144"
    "memorysetup-temp-allocator-size-background-worker=32768"
    "memorysetup-temp-allocator-size-job-worker=262144"
    "memorysetup-temp-allocator-size-preload-manager=33554432"
    "memorysetup-temp-allocator-size-nav-mesh-worker=65536"
    "memorysetup-temp-allocator-size-audio-worker=65536"
    "memorysetup-temp-allocator-size-cloud-worker=32768"
    "memorysetup-temp-allocator-size-gi-baking-worker=262144"
    "memorysetup-temp-allocator-size-gfx=262144"
Player connection [12096] Host "[IP] 192.168.0.100 [Port] 0 [Flags] 2 [Guid] 2782680723 [EditorId] 2782680723 [Version] 1048832 [Id] WindowsEditor(7,ManisPC) [Debug] 1 [PackageName] WindowsEditor [ProjectName] Editor" joined multi-casting on [225.0.0.222:54997]...

Player connection [12096] Host "[IP] 192.168.0.100 [Port] 0 [Flags] 2 [Guid] 2782680723 [EditorId] 2782680723 [Version] 1048832 [Id] WindowsEditor(7,ManisPC) [Debug] 1 [PackageName] WindowsEditor [ProjectName] Editor" joined alternative multi-casting on [225.0.0.222:34997]...

Refreshing native plugins compatible for Editor in 17.05 ms, found 4 plugins.
Preloading 0 native plugins for Editor in 0.00 ms.
Initialize engine version: 2022.3.2f1 (d74737c6db50)
[Subsystems] Discovering subsystems at path C:/Program Files/Unity/Hub/Editor/2022.3.2f1/Editor/Data/Resources/UnitySubsystems
[Subsystems] Discovering subsystems at path D:/Unity/MyGames/PCG-Dungeon/Assets
GfxDevice: creating device client; threaded=0; jobified=0
Direct3D:
    Version:  Direct3D 11.0 [level 11.1]
    Renderer: NVIDIA GeForce MX330 (ID=0x1d16)
    Vendor:   NVIDIA
    VRAM:     1982 MB
    Driver:   31.0.15.3179
Initialize mono
Mono path[0] = 'C:/Program Files/Unity/Hub/Editor/2022.3.2f1/Editor/Data/Managed'
Mono path[1] = 'C:/Program Files/Unity/Hub/Editor/2022.3.2f1/Editor/Data/MonoBleedingEdge/lib/mono/unityjit-win32'
Mono config path = 'C:/Program Files/Unity/Hub/Editor/2022.3.2f1/Editor/Data/MonoBleedingEdge/etc'
Using monoOptions --debugger-agent=transport=dt_socket,embedding=1,server=y,suspend=n,address=127.0.0.1:56856
Begin MonoManager ReloadAssembly
Registering precompiled unity dll's ...
Register platform support module: C:/Program Files/Unity/Hub/Editor/2022.3.2f1/Editor/Data/PlaybackEngines/WindowsStandaloneSupport/UnityEditor.WindowsStandalone.Extensions.dll
Registered in 0.008139 seconds.
- Loaded All Assemblies, in  0.820 seconds
Native extension for WindowsStandalone target not found
Mono: successfully reloaded assembly
- Finished resetting the current domain, in  1.454 seconds
Domain Reload Profiling: 2274ms
	BeginReloadAssembly (310ms)
		ExecutionOrderSort (0ms)
		DisableScriptedObjects (0ms)
		BackupInstance (0ms)
		ReleaseScriptingObjects (0ms)
		CreateAndSetChildDomain (2ms)
	RebuildCommonClasses (70ms)
	RebuildNativeTypeToScriptingClass (22ms)
	initialDomainReloadingComplete (112ms)
	LoadAllAssembliesAndSetupDomain (304ms)
		LoadAssemblies (303ms)
		RebuildTransferFunctionScriptingTraits (0ms)
		AnalyzeDomain (290ms)
			TypeCache.Refresh (289ms)
				TypeCache.ScanAssembly (272ms)
			ScanForSourceGeneratedMonoScriptInfo (0ms)
			ResolveRequiredComponents (1ms)
	FinalizeReload (1457ms)
		ReleaseScriptCaches (0ms)
		RebuildScriptCaches (0ms)
		SetupLoadedEditorAssemblies (1118ms)
			LogAssemblyErrors (0ms)
			InitializePlatformSupportModulesInManaged (57ms)
			SetLoadedEditorAssemblies (40ms)
			RefreshPlugins (0ms)
			BeforeProcessingInitializeOnLoad (46ms)
			ProcessInitializeOnLoadAttributes (732ms)
			ProcessInitializeOnLoadMethodAttributes (242ms)
			AfterProcessingInitializeOnLoad (0ms)
			EditorAssembliesLoaded (1ms)
		ExecutionOrderSort2 (0ms)
		AwakeInstancesAfterBackupRestoration (0ms)
========================================================================
Worker process is ready to serve import requests
Begin MonoManager ReloadAssembly
Symbol file LoadedFromMemory doesn't match image D:\Unity\MyGames\PCG-Dungeon\Library\PackageCache\com.unity.visualscripting@1.8.0\Editor\VisualScripting.Core\Dependencies\YamlDotNet\Unity.VisualScripting.YamlDotNet.dll
Symbol file LoadedFromMemory doesn't match image D:\Unity\MyGames\PCG-Dungeon\Library\PackageCache\com.unity.visualscripting@1.8.0\Editor\VisualScripting.Core\Dependencies\DotNetZip\Unity.VisualScripting.IonicZip.dll
- Loaded All Assemblies, in  2.860 seconds
Refreshing native plugins compatible for Editor in 6.90 ms, found 4 plugins.
Native extension for WindowsStandalone target not found
Mono: successfully reloaded assembly
- Finished resetting the current domain, in  1.694 seconds
Domain Reload Profiling: 4554ms
	BeginReloadAssembly (362ms)
		ExecutionOrderSort (0ms)
		DisableScriptedObjects (9ms)
		BackupInstance (0ms)
		ReleaseScriptingObjects (1ms)
		CreateAndSetChildDomain (39ms)
	RebuildCommonClasses (73ms)
	RebuildNativeTypeToScriptingClass (19ms)
	initialDomainReloadingComplete (74ms)
	LoadAllAssembliesAndSetupDomain (2330ms)
		LoadAssemblies (965ms)
		RebuildTransferFunctionScriptingTraits (0ms)
		AnalyzeDomain (1596ms)
			TypeCache.Refresh (1517ms)
				TypeCache.ScanAssembly (1496ms)
			ScanForSourceGeneratedMonoScriptInfo (53ms)
			ResolveRequiredComponents (25ms)
	FinalizeReload (1697ms)
		ReleaseScriptCaches (0ms)
		RebuildScriptCaches (0ms)
		SetupLoadedEditorAssemblies (1290ms)
			LogAssemblyErrors (0ms)
			InitializePlatformSupportModulesInManaged (15ms)
			SetLoadedEditorAssemblies (15ms)
			RefreshPlugins (0ms)
			BeforeProcessingInitializeOnLoad (365ms)
			ProcessInitializeOnLoadAttributes (702ms)
			ProcessInitializeOnLoadMethodAttributes (175ms)
			AfterProcessingInitializeOnLoad (16ms)
			EditorAssembliesLoaded (0ms)
		ExecutionOrderSort2 (0ms)
		AwakeInstancesAfterBackupRestoration (8ms)
Launched and connected shader compiler UnityShaderCompiler.exe after 0.10 seconds
Refreshing native plugins compatible for Editor in 4.26 ms, found 4 plugins.
Preloading 0 native plugins for Editor in 0.00 ms.
Unloading 5799 Unused Serialized files (Serialized files now loaded: 0)
Unloading 86 unused Assets / (352.2 KB). Loaded Objects now: 6263.
Memory consumption went from 219.1 MB to 218.7 MB.
Total: 9.526600 ms (FindLiveObjects: 1.040400 ms CreateObjectMapping: 0.694000 ms MarkObjects: 7.505300 ms  DeleteObjects: 0.285200 ms)

AssetImportParameters requested are different than current active one (requested -> active):
  custom:container-demuxer-ogg: 62fdf1f143b41e24485cea50d1cbac27 -> 
  custom:video-decoder-ogg-theora: a1e56fd34408186e4bbccfd4996cb3dc -> 
  custom:framework-win-MediaFoundation: 216162199b28c13a410421893ffa2e32 -> 
  custom:container-demuxer-webm: 4f35f7cbe854078d1ac9338744f61a02 -> 
  custom:container-muxer-webm: aa71ff27fc2769a1b78a27578f13a17b -> 
  custom:video-decoder-webm-vp8: 9c59270c3fd7afecdb556c50c9e8de78 -> 
  custom:AudioImporter_EditorPlatform: d09bf68614088b80899f8185d706f6e7 -> 
  custom:video-encoder-webm-vp8: eb34c28f22e8b96e1ab97ce403110664 -> 
  custom:audio-decoder-ogg-vorbis: bf7c407c2cedff20999df2af8eb42d56 -> 
  custom:audio-encoder-webm-vorbis: bf7c407c2cedff20999df2af8eb42d56 -> 
========================================================================
Received Prepare
Refreshing native plugins compatible for Editor in 8.95 ms, found 4 plugins.
Preloading 0 native plugins for Editor in 0.00 ms.
Unloading 2 Unused Serialized files (Serialized files now loaded: 0)
Unloading 2 unused Assets / (290.7 KB). Loaded Objects now: 6263.
Memory consumption went from 105.7 MB to 105.4 MB.
Total: 7.214900 ms (FindLiveObjects: 0.650100 ms CreateObjectMapping: 0.889100 ms MarkObjects: 5.572100 ms  DeleteObjects: 0.101500 ms)

Prepare: number of updated asset objects reloaded= 0
AssetImportParameters requested are different than current active one (requested -> active):
  custom:container-demuxer-ogg: 62fdf1f143b41e24485cea50d1cbac27 -> 
  custom:video-decoder-ogg-theora: a1e56fd34408186e4bbccfd4996cb3dc -> 
  custom:framework-win-MediaFoundation: 216162199b28c13a410421893ffa2e32 -> 
  custom:container-demuxer-webm: 4f35f7cbe854078d1ac9338744f61a02 -> 
  custom:container-muxer-webm: aa71ff27fc2769a1b78a27578f13a17b -> 
  custom:video-decoder-webm-vp8: 9c59270c3fd7afecdb556c50c9e8de78 -> 
  custom:SearchIndexIgnoredProperties: e643bd26f0fe6173181afceb89e7c659 -> 
  custom:AudioImporter_EditorPlatform: d09bf68614088b80899f8185d706f6e7 -> 
  custom:video-encoder-webm-vp8: eb34c28f22e8b96e1ab97ce403110664 -> 
  custom:audio-decoder-ogg-vorbis: bf7c407c2cedff20999df2af8eb42d56 -> 
  custom:audio-encoder-webm-vorbis: bf7c407c2cedff20999df2af8eb42d56 -> 
========================================================================
Received Import Request.
  Time since last request: 1025343.227171 seconds.
  path: Assets/kenney_tinydungeon/Tiles/tile_0011.png
  artifactKey: Guid(64517ee697799b740b07a8b5173c0397) Importer(2089858483,0ecaa5967403d082aa24f35e1b516d23)
Start importing Assets/kenney_tinydungeon/Tiles/tile_0011.png using Guid(64517ee697799b740b07a8b5173c0397) Importer(2089858483,0ecaa5967403d082aa24f35e1b516d23) Generated GUIDs only implemented for interfaces!
 -> (artifact id: 'a33133a01f4f0c27bee47a045c52ac45') in 0.736442 seconds
Number of updated asset objects reloaded before import = 0
Number of asset objects unloaded after import = 3
========================================================================
Received Import Request.
  Time since last request: 0.000038 seconds.
  path: Assets/kenney_tinydungeon/Tiles/tile_0000.png
  artifactKey: Guid(5afd5880796529f4b8c59138715dfbb9) Importer(2089858483,0ecaa5967403d082aa24f35e1b516d23)
Start importing Assets/kenney_tinydungeon/Tiles/tile_0000.png using Guid(5afd5880796529f4b8c59138715dfbb9) Importer(2089858483,0ecaa5967403d082aa24f35e1b516d23) Generated GUIDs only implemented for interfaces!
 -> (artifact id: '011a9f6ff7aa23f82b7f72dd83fb42b3') in 0.137647 seconds
Number of updated asset objects reloaded before import = 0
Number of asset objects unloaded after import = 3
========================================================================
Received Import Request.
  Time since last request: 0.000036 seconds.
  path: Assets/kenney_tinydungeon/Tiles/tile_0029.png
  artifactKey: Guid(eabd23c11fab58d4796674f4f12d530b) Importer(2089858483,0ecaa5967403d082aa24f35e1b516d23)
Start importing Assets/kenney_tinydungeon/Tiles/tile_0029.png using Guid(eabd23c11fab58d4796674f4f12d530b) Importer(2089858483,0ecaa5967403d082aa24f35e1b516d23) Generated GUIDs only implemented for interfaces!
 -> (artifact id: 'd8bec7510b1e673f2ad07c9374b72b84') in 0.114352 seconds
Number of updated asset objects reloaded before import = 0
Number of asset objects unloaded after import = 3
========================================================================
Received Import Request.
  Time since last request: 0.000114 seconds.
  path: Assets/kenney_tinydungeon/Tiles/tile_0014.png
  artifactKey: Guid(9b7cdd5fabaaf50468c618c19efca384) Importer(2089858483,0ecaa5967403d082aa24f35e1b516d23)
Start importing Assets/kenney_tinydungeon/Tiles/tile_0014.png using Guid(9b7cdd5fabaaf50468c618c19efca384) Importer(2089858483,0ecaa5967403d082aa24f35e1b516d23) Generated GUIDs only implemented for interfaces!
 -> (artifact id: 'c73b77514b3ed8948b1743866381970f') in 0.461948 seconds
Number of updated asset objects reloaded before import = 0
Number of asset objects unloaded after import = 3
========================================================================
Received Import Request.
  Time since last request: 0.000097 seconds.
  path: Assets/kenney_tinydungeon/Visit Patreon.url
  artifactKey: Guid(34442035363bf1248810539f346c6d0f) Importer(2089858483,0ecaa5967403d082aa24f35e1b516d23)
Start importing Assets/kenney_tinydungeon/Visit Patreon.url using Guid(34442035363bf1248810539f346c6d0f) Importer(2089858483,0ecaa5967403d082aa24f35e1b516d23) Generated GUIDs only implemented for interfaces!
 -> (artifact id: '1df60a3b7b213bcd3e523476477a755a') in 0.146662 seconds
Number of updated asset objects reloaded before import = 0
Number of asset objects unloaded after import = 1
========================================================================
Received Import Request.
  Time since last request: 0.005887 seconds.
  path: Assets/kenney_tinydungeon/Tiles/tile_0070.png
  artifactKey: Guid(450f5746fa9932045a65113c30d95ce8) Importer(2089858483,0ecaa5967403d082aa24f35e1b516d23)
Start importing Assets/kenney_tinydungeon/Tiles/tile_0070.png using Guid(450f5746fa9932045a65113c30d95ce8) Importer(2089858483,0ecaa5967403d082aa24f35e1b516d23) Generated GUIDs only implemented for interfaces!
 -> (artifact id: '07a50fda3d606f72bded097fe5396e8a') in 0.342561 seconds
Number of updated asset objects reloaded before import = 0
Number of asset objects unloaded after import = 3
========================================================================
Received Import Request.
  Time since last request: 0.006485 seconds.
  path: Assets/kenney_tinydungeon/Tiled/sampleSheet.tsx
  artifactKey: Guid(1f1541c4972103c4eaf772cf7cb96bb4) Importer(2089858483,0ecaa5967403d082aa24f35e1b516d23)
Start importing Assets/kenney_tinydungeon/Tiled/sampleSheet.tsx using Guid(1f1541c4972103c4eaf772cf7cb96bb4) Importer(2089858483,0ecaa5967403d082aa24f35e1b516d23) Generated GUIDs only implemented for interfaces!
 -> (artifact id: '4c62fa78b5a8a242f3e941f27bde5e7d') in 0.084127 seconds
Number of updated asset objects reloaded before import = 0
Number of asset objects unloaded after import = 1
========================================================================
Received Import Request.
  Time since last request: 0.000186 seconds.
  path: Assets/kenney_tinydungeon/Tiles/tile_0007.png
  artifactKey: Guid(5f2c0c396545a9c4f9e6dbc08a944073) Importer(2089858483,0ecaa5967403d082aa24f35e1b516d23)
Start importing Assets/kenney_tinydungeon/Tiles/tile_0007.png using Guid(5f2c0c396545a9c4f9e6dbc08a944073) Importer(2089858483,0ecaa5967403d082aa24f35e1b516d23) Generated GUIDs only implemented for interfaces!
 -> (artifact id: 'dc916058a29a184377faab9da0d0c241') in 0.437743 seconds
Number of updated asset objects reloaded before import = 0
Number of asset objects unloaded after import = 3
========================================================================
Received Import Request.
  Time since last request: 0.000089 seconds.
  path: Assets/kenney_tinydungeon/Tiles/tile_0026.png
  artifactKey: Guid(c9c63082167ad8a4ea10ab5481d102ba) Importer(2089858483,0ecaa5967403d082aa24f35e1b516d23)
Start importing Assets/kenney_tinydungeon/Tiles/tile_0026.png using Guid(c9c63082167ad8a4ea10ab5481d102ba) Importer(2089858483,0ecaa5967403d082aa24f35e1b516d23) Generated GUIDs only implemented for interfaces!
 -> (artifact id: 'a7181701afd4c9a6e82647f3b20060aa') in 0.258665 seconds
Number of updated asset objects reloaded before import = 0
Number of asset objects unloaded after import = 3
========================================================================
Received Import Request.
  Time since last request: 0.000051 seconds.
  path: Assets/kenney_tinydungeon/Tiles/tile_0071.png
  artifactKey: Guid(47c9fe544312f914d927f05a8b308d3d) Importer(2089858483,0ecaa5967403d082aa24f35e1b516d23)
Start importing Assets/kenney_tinydungeon/Tiles/tile_0071.png using Guid(47c9fe544312f914d927f05a8b308d3d) Importer(2089858483,0ecaa5967403d082aa24f35e1b516d23) Generated GUIDs only implemented for interfaces!
 -> (artifact id: '10ff6ce75248e7c6f3c1af30ac89a3bf') in 0.233855 seconds
Number of updated asset objects reloaded before import = 0
Number of asset objects unloaded after import = 3
========================================================================
Received Import Request.
  Time since last request: 0.000072 seconds.
  path: Assets/kenney_tinydungeon/Tiles/tile_0027.png
  artifactKey: Guid(be03934438298b4458f54f94c0739c1c) Importer(2089858483,0ecaa5967403d082aa24f35e1b516d23)
Start importing Assets/kenney_tinydungeon/Tiles/tile_0027.png using Guid(be03934438298b4458f54f94c0739c1c) Importer(2089858483,0ecaa5967403d082aa24f35e1b516d23) Generated GUIDs only implemented for interfaces!
 -> (artifact id: 'f38d40af6148d8c014528bcc529ea174') in 0.208297 seconds
Number of updated asset objects reloaded before import = 0
Number of asset objects unloaded after import = 3
========================================================================
Received Import Request.
  Time since last request: 0.000045 seconds.
  path: Assets/kenney_tinydungeon/Sample.png
  artifactKey: Guid(94ec21ec245408441bb0a97304ba899d) Importer(2089858483,0ecaa5967403d082aa24f35e1b516d23)
Start importing Assets/kenney_tinydungeon/Sample.png using Guid(94ec21ec245408441bb0a97304ba899d) Importer(2089858483,0ecaa5967403d082aa24f35e1b516d23) Generated GUIDs only implemented for interfaces!
 -> (artifact id: '7e4c10427c5ccefbc266bf4a9f502399') in 0.242749 seconds
Number of updated asset objects reloaded before import = 0
Number of asset objects unloaded after import = 3
========================================================================
Received Import Request.
  Time since last request: 0.000041 seconds.
  path: Assets/kenney_tinydungeon/Tiles/tile_0036.png
  artifactKey: Guid(79946ac90f066e64b9e63d15107ddaf9) Importer(2089858483,0ecaa5967403d082aa24f35e1b516d23)
Start importing Assets/kenney_tinydungeon/Tiles/tile_0036.png using Guid(79946ac90f066e64b9e63d15107ddaf9) Importer(2089858483,0ecaa5967403d082aa24f35e1b516d23) Generated GUIDs only implemented for interfaces!
 -> (artifact id: 'b45c2750156fb68aea98fe318ea5b377') in 0.378203 seconds
Number of updated asset objects reloaded before import = 0
Number of asset objects unloaded after import = 3
========================================================================
Received Import Request.
  Time since last request: 0.000062 seconds.
  path: Assets/Scripts/Generator.cs
  artifactKey: Guid(b078b8815aaf4af49d1bc229ed3b41ee) Importer(2089858483,0ecaa5967403d082aa24f35e1b516d23)
Start importing Assets/Scripts/Generator.cs using Guid(b078b8815aaf4af49d1bc229ed3b41ee) Importer(2089858483,0ecaa5967403d082aa24f35e1b516d23) Generated GUIDs only implemented for interfaces!
 -> (artifact id: 'd7534cf791120905a0cc512607b8414d') in 0.080952 seconds
Number of updated asset objects reloaded before import = 0
Number of asset objects unloaded after import = 1
========================================================================
Received Import Request.
  Time since last request: 0.000903 seconds.
  path: Assets/kenney_tinydungeon/Tiles/tile_0030.png
  artifactKey: Guid(774d43ac69104154d92fc256f8e1966c) Importer(2089858483,0ecaa5967403d082aa24f35e1b516d23)
Start importing Assets/kenney_tinydungeon/Tiles/tile_0030.png using Guid(774d43ac69104154d92fc256f8e1966c) Importer(2089858483,0ecaa5967403d082aa24f35e1b516d23) Generated GUIDs only implemented for interfaces!
 -> (artifact id: '92dafcfa2c7e451fd91bb82a5d9aa367') in 0.319532 seconds
Number of updated asset objects reloaded before import = 0
Number of asset objects unloaded after import = 3
========================================================================
Received Import Request.
  Time since last request: 0.000089 seconds.
  path: Assets/kenney_tinydungeon/Tiles/tile_0096.png
  artifactKey: Guid(36b239a4dc081f0419563550a2995800) Importer(2089858483,0ecaa5967403d082aa24f35e1b516d23)
Start importing Assets/kenney_tinydungeon/Tiles/tile_0096.png using Guid(36b239a4dc081f0419563550a2995800) Importer(2089858483,0ecaa5967403d082aa24f35e1b516d23) Generated GUIDs only implemented for interfaces!
 -> (artifact id: '360e84e8cc0637428fcf8cdfbeff38fc') in 0.543764 seconds
Number of updated asset objects reloaded before import = 0
Number of asset objects unloaded after import = 3
========================================================================
Received Import Request.
  Time since last request: 0.000093 seconds.
  path: Assets/kenney_tinydungeon/Tiles/tile_0092.png
  artifactKey: Guid(0ff92ce1fcb2aaa4790ff322a0dd3860) Importer(2089858483,0ecaa5967403d082aa24f35e1b516d23)
Start importing Assets/kenney_tinydungeon/Tiles/tile_0092.png using Guid(0ff92ce1fcb2aaa4790ff322a0dd3860) Importer(2089858483,0ecaa5967403d082aa24f35e1b516d23) Generated GUIDs only implemented for interfaces!
 -> (artifact id: 'c93d112101232c1ff9f7e8c2a4ed4492') in 0.220981 seconds
Number of updated asset objects reloaded before import = 0
Number of asset objects unloaded after import = 3
========================================================================
Received Import Request.
  Time since last request: 0.000044 seconds.
  path: Assets/kenney_tinydungeon/Tiles/tile_0065.png
  artifactKey: Guid(6728aa3d220f8824fafc4f8ed3cbe7a7) Importer(2089858483,0ecaa5967403d082aa24f35e1b516d23)
Start importing Assets/kenney_tinydungeon/Tiles/tile_0065.png using Guid(6728aa3d220f8824fafc4f8ed3cbe7a7) Importer(2089858483,0ecaa5967403d082aa24f35e1b516d23) Generated GUIDs only implemented for interfaces!
 -> (artifact id: 'b84950cbedca19136ad939ff18559b24') in 0.233942 seconds
Number of updated asset objects reloaded before import = 0
Number of asset objects unloaded after import = 3
========================================================================
Received Import Request.
  Time since last request: 0.000064 seconds.
  path: Assets/kenney_tinydungeon/Tiles/tile_0008.png
  artifactKey: Guid(abf33a1898de9c94cbf88390b54a74c8) Importer(2089858483,0ecaa5967403d082aa24f35e1b516d23)
Start importing Assets/kenney_tinydungeon/Tiles/tile_0008.png using Guid(abf33a1898de9c94cbf88390b54a74c8) Importer(2089858483,0ecaa5967403d082aa24f35e1b516d23) Generated GUIDs only implemented for interfaces!
 -> (artifact id: '4b310f67cf450d07727d9037306ebd79') in 0.233429 seconds
Number of updated asset objects reloaded before import = 0
Number of asset objects unloaded after import = 3
========================================================================
Received Import Request.
  Time since last request: 0.000075 seconds.
  path: Assets/kenney_tinydungeon/Tiles/tile_0040.png
  artifactKey: Guid(167762001b63a3d4abe0153c303e7574) Importer(2089858483,0ecaa5967403d082aa24f35e1b516d23)
Start importing Assets/kenney_tinydungeon/Tiles/tile_0040.png using Guid(167762001b63a3d4abe0153c303e7574) Importer(2089858483,0ecaa5967403d082aa24f35e1b516d23) Generated GUIDs only implemented for interfaces!
 -> (artifact id: '2f00c0d01e5e9c49879cd8627dabc75c') in 0.204983 seconds
Number of updated asset objects reloaded before import = 0
Number of asset objects unloaded after import = 3
========================================================================
Received Import Request.
  Time since last request: 0.000098 seconds.
  path: Assets/Prefabs/Player.prefab
  artifactKey: Guid(bb886cf6e35a55c439e139b40d1e9091) Importer(2089858483,0ecaa5967403d082aa24f35e1b516d23)
Start importing Assets/Prefabs/Player.prefab using Guid(bb886cf6e35a55c439e139b40d1e9091) Importer(2089858483,0ecaa5967403d082aa24f35e1b516d23) Generated GUIDs only implemented for interfaces!
 -> (artifact id: '89a944ec2dc6c9091b407d4568ee0b07') in 0.172050 seconds
Number of updated asset objects reloaded before import = 0
Number of asset objects unloaded after import = 20
========================================================================
Received Import Request.
  Time since last request: 0.000100 seconds.
  path: Assets/kenney_tinydungeon/Tiles/tile_0081.png
  artifactKey: Guid(497184840d689f54c8fc8d15b98cbf28) Importer(2089858483,0ecaa5967403d082aa24f35e1b516d23)
Start importing Assets/kenney_tinydungeon/Tiles/tile_0081.png using Guid(497184840d689f54c8fc8d15b98cbf28) Importer(2089858483,0ecaa5967403d082aa24f35e1b516d23) Generated GUIDs only implemented for interfaces!
 -> (artifact id: 'd86f10a29019f027b074268b5f260e53') in 0.332412 seconds
Number of updated asset objects reloaded before import = 0
Number of asset objects unloaded after import = 3
========================================================================
Received Import Request.
  Time since last request: 0.000054 seconds.
  path: Assets/Prefabs/Block.mat
  artifactKey: Guid(a1efa34147a06414c91cc15b2f09008b) Importer(2089858483,0ecaa5967403d082aa24f35e1b516d23)
Start importing Assets/Prefabs/Block.mat using Guid(a1efa34147a06414c91cc15b2f09008b) Importer(2089858483,0ecaa5967403d082aa24f35e1b516d23) Generated GUIDs only implemented for interfaces!
 -> (artifact id: 'bd18042e2c03d38be4e88f0d030a273b') in 0.138191 seconds
Number of updated asset objects reloaded before import = 0
Number of asset objects unloaded after import = 1
========================================================================
Received Import Request.
  Time since last request: 0.000044 seconds.
  path: Assets/kenney_tinydungeon/Tiles/tile_0049.png
  artifactKey: Guid(d4f3ec4db26c86d4b926619f2b708cc8) Importer(2089858483,0ecaa5967403d082aa24f35e1b516d23)
Start importing Assets/kenney_tinydungeon/Tiles/tile_0049.png using Guid(d4f3ec4db26c86d4b926619f2b708cc8) Importer(2089858483,0ecaa5967403d082aa24f35e1b516d23) Generated GUIDs only implemented for interfaces!
 -> (artifact id: '5198a42388028d2672e2e9f93c69ddb4') in 0.200720 seconds
Number of updated asset objects reloaded before import = 0
Number of asset objects unloaded after import = 3
========================================================================
Received Import Request.
  Time since last request: 0.000057 seconds.
  path: Assets/kenney_tinydungeon/Tiles/tile_0021.png
  artifactKey: Guid(e8e94c4f1b463f04d8b479b89e467d28) Importer(2089858483,0ecaa5967403d082aa24f35e1b516d23)
Start importing Assets/kenney_tinydungeon/Tiles/tile_0021.png using Guid(e8e94c4f1b463f04d8b479b89e467d28) Importer(2089858483,0ecaa5967403d082aa24f35e1b516d23) Generated GUIDs only implemented for interfaces!
 -> (artifact id: 'a6b3eee67835fca4263dbe46d8758173') in 0.223321 seconds
Number of updated asset objects reloaded before import = 0
Number of asset objects unloaded after import = 3
========================================================================
Received Import Request.
  Time since last request: 0.000483 seconds.
  path: Assets/kenney_tinydungeon/Tiles/tile_0038.png
  artifactKey: Guid(b80c3e08b05175143a8a90b5028a0283) Importer(2089858483,0ecaa5967403d082aa24f35e1b516d23)
Start importing Assets/kenney_tinydungeon/Tiles/tile_0038.png using Guid(b80c3e08b05175143a8a90b5028a0283) Importer(2089858483,0ecaa5967403d082aa24f35e1b516d23) Generated GUIDs only implemented for interfaces!
 -> (artifact id: 'ea66f05431ec243768830cce6a8ad3db') in 0.210112 seconds
Number of updated asset objects reloaded before import = 0
Number of asset objects unloaded after import = 3
========================================================================
Received Import Request.
  Time since last request: 0.000056 seconds.
  path: Assets/kenney_tinydungeon/Tiles/tile_0046.png
  artifactKey: Guid(9269fdef587b2a94d8fea172072fcd27) Importer(2089858483,0ecaa5967403d082aa24f35e1b516d23)
Start importing Assets/kenney_tinydungeon/Tiles/tile_0046.png using Guid(9269fdef587b2a94d8fea172072fcd27) Importer(2089858483,0ecaa5967403d082aa24f35e1b516d23) Generated GUIDs only implemented for interfaces!
 -> (artifact id: '837ed1ec64292f6b874bd31f359c3df6') in 0.260481 seconds
Number of updated asset objects reloaded before import = 0
Number of asset objects unloaded after import = 3
========================================================================
Received Import Request.
  Time since last request: 0.000081 seconds.
  path: Assets/UniversalRenderPipelineGlobalSettings.asset
  artifactKey: Guid(e07541e37013daf419bf2370ec74b5df) Importer(2089858483,0ecaa5967403d082aa24f35e1b516d23)
Start importing Assets/UniversalRenderPipelineGlobalSettings.asset using Guid(e07541e37013daf419bf2370ec74b5df) Importer(2089858483,0ecaa5967403d082aa24f35e1b516d23) Generated GUIDs only implemented for interfaces!
 -> (artifact id: '3d76fd06fcb31de41888a75b37fbbc01') in 0.075984 seconds
Number of updated asset objects reloaded before import = 0
Number of asset objects unloaded after import = 1
========================================================================
Received Import Request.
  Time since last request: 0.000057 seconds.
  path: Assets/kenney_tinydungeon/Tiles/tile_0016.png
  artifactKey: Guid(bb5e52ac37480bb45b703875f007de5c) Importer(2089858483,0ecaa5967403d082aa24f35e1b516d23)
Start importing Assets/kenney_tinydungeon/Tiles/tile_0016.png using Guid(bb5e52ac37480bb45b703875f007de5c) Importer(2089858483,0ecaa5967403d082aa24f35e1b516d23) Generated GUIDs only implemented for interfaces!
 -> (artifact id: '8a66c8b5f2ad65691d5df1b061fbb9a4') in 0.246654 seconds
Number of updated asset objects reloaded before import = 0
Number of asset objects unloaded after import = 3
========================================================================
Received Import Request.
  Time since last request: 0.000055 seconds.
  path: Assets/kenney_tinydungeon/Tiles/tile_0072.png
  artifactKey: Guid(00382adab85471045b65f50877343487) Importer(2089858483,0ecaa5967403d082aa24f35e1b516d23)
Start importing Assets/kenney_tinydungeon/Tiles/tile_0072.png using Guid(00382adab85471045b65f50877343487) Importer(2089858483,0ecaa5967403d082aa24f35e1b516d23) Generated GUIDs only implemented for interfaces!
 -> (artifact id: '23e7e49ff52a8d0e656d55fefc62c0ac') in 0.222788 seconds
Number of updated asset objects reloaded before import = 0
Number of asset objects unloaded after import = 3
========================================================================
Received Import Request.
  Time since last request: 0.000132 seconds.
  path: Assets/kenney_tinydungeon/Tiles/tile_0058.png
  artifactKey: Guid(c7c510367e4560f40bf719c0b4e00a14) Importer(2089858483,0ecaa5967403d082aa24f35e1b516d23)
Start importing Assets/kenney_tinydungeon/Tiles/tile_0058.png using Guid(c7c510367e4560f40bf719c0b4e00a14) Importer(2089858483,0ecaa5967403d082aa24f35e1b516d23) Generated GUIDs only implemented for interfaces!
 -> (artifact id: '448007fc2cbd76c7c68668f49cdda3cb') in 0.210855 seconds
Number of updated asset objects reloaded before import = 0
Number of asset objects unloaded after import = 3
========================================================================
Received Import Request.
  Time since last request: 0.000117 seconds.
  path: Assets/Scripts/Bound.cs
  artifactKey: Guid(e8ac0b37e0c74437af8166be1b547518) Importer(2089858483,0ecaa5967403d082aa24f35e1b516d23)
Start importing Assets/Scripts/Bound.cs using Guid(e8ac0b37e0c74437af8166be1b547518) Importer(2089858483,0ecaa5967403d082aa24f35e1b516d23) Generated GUIDs only implemented for interfaces!
 -> (artifact id: '5d62bc791c42908dbdcfab888889c779') in 0.066967 seconds
Number of updated asset objects reloaded before import = 0
Number of asset objects unloaded after import = 1
========================================================================
Received Import Request.
  Time since last request: 0.000151 seconds.
  path: Assets/kenney_tinydungeon/Tilemap/tilemap.png
  artifactKey: Guid(7ab3e59e3d5ea0d4ba2529279eb50134) Importer(2089858483,0ecaa5967403d082aa24f35e1b516d23)
Start importing Assets/kenney_tinydungeon/Tilemap/tilemap.png using Guid(7ab3e59e3d5ea0d4ba2529279eb50134) Importer(2089858483,0ecaa5967403d082aa24f35e1b516d23) Generated GUIDs only implemented for interfaces!
 -> (artifact id: 'e59b14bf96f5f208350711da0f672f11') in 0.346360 seconds
Number of updated asset objects reloaded before import = 0
Number of asset objects unloaded after import = 3
========================================================================
Received Import Request.
  Time since last request: 0.000088 seconds.
  path: Assets/kenney_tinydungeon/Tiles/tile_0010.png
  artifactKey: Guid(1ec74d50411daed47819454d33afd782) Importer(2089858483,0ecaa5967403d082aa24f35e1b516d23)
Start importing Assets/kenney_tinydungeon/Tiles/tile_0010.png using Guid(1ec74d50411daed47819454d33afd782) Importer(2089858483,0ecaa5967403d082aa24f35e1b516d23) Generated GUIDs only implemented for interfaces!
 -> (artifact id: 'ae3fdeab4d9eb92fdd304ce8fb4440cb') in 0.372853 seconds
Number of updated asset objects reloaded before import = 0
Number of asset objects unloaded after import = 3
========================================================================
Received Import Request.
  Time since last request: 0.008082 seconds.
  path: Assets/kenney_tinydungeon/Tiles/tile_0101.png
  artifactKey: Guid(28d63a622b3e51d48af853e9a9e78bc0) Importer(2089858483,0ecaa5967403d082aa24f35e1b516d23)
Start importing Assets/kenney_tinydungeon/Tiles/tile_0101.png using Guid(28d63a622b3e51d48af853e9a9e78bc0) Importer(2089858483,0ecaa5967403d082aa24f35e1b516d23) Generated GUIDs only implemented for interfaces!
 -> (artifact id: 'd5a0083a241b87109e52102627159d65') in 0.701945 seconds
Number of updated asset objects reloaded before import = 0
Number of asset objects unloaded after import = 3
========================================================================
Received Import Request.
  Time since last request: 0.000217 seconds.
  path: Assets/kenney_tinydungeon/Tiles/tile_0126.png
  artifactKey: Guid(d1d1a7274bd43ce4b82f6d1b6dd4e07d) Importer(2089858483,0ecaa5967403d082aa24f35e1b516d23)
Start importing Assets/kenney_tinydungeon/Tiles/tile_0126.png using Guid(d1d1a7274bd43ce4b82f6d1b6dd4e07d) Importer(2089858483,0ecaa5967403d082aa24f35e1b516d23) Generated GUIDs only implemented for interfaces!
 -> (artifact id: 'a8245f6d29f1972a711d52449e16bcdb') in 0.458863 seconds
Number of updated asset objects reloaded before import = 0
Number of asset objects unloaded after import = 3
========================================================================
Received Import Request.
  Time since last request: 0.000363 seconds.
  path: Assets/kenney_tinydungeon/Tiles/tile_0125.png
  artifactKey: Guid(1d0d07550cbc4b94c8b2813bd80277e5) Importer(2089858483,0ecaa5967403d082aa24f35e1b516d23)
Start importing Assets/kenney_tinydungeon/Tiles/tile_0125.png using Guid(1d0d07550cbc4b94c8b2813bd80277e5) Importer(2089858483,0ecaa5967403d082aa24f35e1b516d23) Generated GUIDs only implemented for interfaces!
 -> (artifact id: 'b7472f54ad267a4cf2a91b92afb4bda0') in 0.369355 seconds
Number of updated asset objects reloaded before import = 0
Number of asset objects unloaded after import = 3
========================================================================
Received Import Request.
  Time since last request: 0.000715 seconds.
  path: Assets/kenney_tinydungeon/Tiles/tile_0123.png
  artifactKey: Guid(f7644f1179cee0143aaf747988f3ca54) Importer(2089858483,0ecaa5967403d082aa24f35e1b516d23)
Start importing Assets/kenney_tinydungeon/Tiles/tile_0123.png using Guid(f7644f1179cee0143aaf747988f3ca54) Importer(2089858483,0ecaa5967403d082aa24f35e1b516d23) Generated GUIDs only implemented for interfaces!
 -> (artifact id: 'd10e83572d29608c2455cf561bae38bd') in 0.263413 seconds
Number of updated asset objects reloaded before import = 0
Number of asset objects unloaded after import = 3
========================================================================
Received Import Request.
  Time since last request: 0.000138 seconds.
  path: Assets/kenney_tinydungeon/tiles_unity/tile_0000.asset
  artifactKey: Guid(03a8b767317466b469ababf30ef9c4ee) Importer(2089858483,0ecaa5967403d082aa24f35e1b516d23)
Start importing Assets/kenney_tinydungeon/tiles_unity/tile_0000.asset using Guid(03a8b767317466b469ababf30ef9c4ee) Importer(2089858483,0ecaa5967403d082aa24f35e1b516d23) Generated GUIDs only implemented for interfaces!
 -> (artifact id: '93a276dffe974ca518d8a708a173d6f2') in 0.130193 seconds
Number of updated asset objects reloaded before import = 0
Number of asset objects unloaded after import = 3
========================================================================
Received Import Request.
  Time since last request: 0.000099 seconds.
  path: Assets/kenney_tinydungeon/tiles_unity/tile_0006.asset
  artifactKey: Guid(0ed54f63c5510f143b9e5667952d0a0a) Importer(2089858483,0ecaa5967403d082aa24f35e1b516d23)
Start importing Assets/kenney_tinydungeon/tiles_unity/tile_0006.asset using Guid(0ed54f63c5510f143b9e5667952d0a0a) Importer(2089858483,0ecaa5967403d082aa24f35e1b516d23) Generated GUIDs only implemented for interfaces!
 -> (artifact id: '5a4a1d3c449c2306920b402364d2ede8') in 0.248775 seconds
Number of updated asset objects reloaded before import = 0
Number of asset objects unloaded after import = 3
========================================================================
Received Import Request.
  Time since last request: 0.000143 seconds.
  path: Assets/kenney_tinydungeon/Tiles/tile_0110.png
  artifactKey: Guid(85eac30ea98125447b098db40f67a3e3) Importer(2089858483,0ecaa5967403d082aa24f35e1b516d23)
Start importing Assets/kenney_tinydungeon/Tiles/tile_0110.png using Guid(85eac30ea98125447b098db40f67a3e3) Importer(2089858483,0ecaa5967403d082aa24f35e1b516d23) Generated GUIDs only implemented for interfaces!
 -> (artifact id: '29c489c48225a657134b504274855cc5') in 0.241201 seconds
Number of updated asset objects reloaded before import = 0
Number of asset objects unloaded after import = 3
========================================================================
Received Import Request.
  Time since last request: 0.000076 seconds.
  path: Assets/kenney_tinydungeon/tiles_unity/tile_0002.asset
  artifactKey: Guid(2f911e6d144690d40b54b1c5a32aa6ab) Importer(2089858483,0ecaa5967403d082aa24f35e1b516d23)
Start importing Assets/kenney_tinydungeon/tiles_unity/tile_0002.asset using Guid(2f911e6d144690d40b54b1c5a32aa6ab) Importer(2089858483,0ecaa5967403d082aa24f35e1b516d23) Generated GUIDs only implemented for interfaces!
 -> (artifact id: '7904343ae9047db7b2a8bfbff5d14929') in 0.242377 seconds
Number of updated asset objects reloaded before import = 0
Number of asset objects unloaded after import = 3
========================================================================
Received Import Request.
  Time since last request: 0.000083 seconds.
  path: Assets/kenney_tinydungeon/tiles_unity/tile_0004.asset
  artifactKey: Guid(4e730eba51da80f4fac121c5882d15ce) Importer(2089858483,0ecaa5967403d082aa24f35e1b516d23)
Start importing Assets/kenney_tinydungeon/tiles_unity/tile_0004.asset using Guid(4e730eba51da80f4fac121c5882d15ce) Importer(2089858483,0ecaa5967403d082aa24f35e1b516d23) Generated GUIDs only implemented for interfaces!
 -> (artifact id: '86716e6eadf68de223b738bc0c9560a0') in 0.136921 seconds
Number of updated asset objects reloaded before import = 0
Number of asset objects unloaded after import = 3
========================================================================
Received Import Request.
  Time since last request: 0.000212 seconds.
  path: Assets/kenney_tinydungeon/Tiles/tile_0105.png
  artifactKey: Guid(74f018c560610ab47985388bda058d05) Importer(2089858483,0ecaa5967403d082aa24f35e1b516d23)
Start importing Assets/kenney_tinydungeon/Tiles/tile_0105.png using Guid(74f018c560610ab47985388bda058d05) Importer(2089858483,0ecaa5967403d082aa24f35e1b516d23) Generated GUIDs only implemented for interfaces!
 -> (artifact id: 'ea6f26bc780d3e4e7cea85e327458df3') in 0.249967 seconds
Number of updated asset objects reloaded before import = 0
Number of asset objects unloaded after import = 3
========================================================================
Received Import Request.
  Time since last request: 0.000097 seconds.
  path: Assets/kenney_tinydungeon/tiles_unity/tile_0003.asset
  artifactKey: Guid(23ce3d989223bd34889a2541c7ecce4c) Importer(2089858483,0ecaa5967403d082aa24f35e1b516d23)
Start importing Assets/kenney_tinydungeon/tiles_unity/tile_0003.asset using Guid(23ce3d989223bd34889a2541c7ecce4c) Importer(2089858483,0ecaa5967403d082aa24f35e1b516d23) Generated GUIDs only implemented for interfaces!
 -> (artifact id: '836945501f122ecab02dded5c3339d57') in 0.169408 seconds
Number of updated asset objects reloaded before import = 0
Number of asset objects unloaded after import = 3
========================================================================
Received Import Request.
  Time since last request: 0.000108 seconds.
  path: Assets/kenney_tinydungeon/Tiles/tile_0106.png
  artifactKey: Guid(039f4a555090dd54699a00f5a38dbcc6) Importer(2089858483,0ecaa5967403d082aa24f35e1b516d23)
Start importing Assets/kenney_tinydungeon/Tiles/tile_0106.png using Guid(039f4a555090dd54699a00f5a38dbcc6) Importer(2089858483,0ecaa5967403d082aa24f35e1b516d23) Generated GUIDs only implemented for interfaces!
 -> (artifact id: '44713f4459d9bd5f11718b7b47743002') in 0.431935 seconds
Number of updated asset objects reloaded before import = 0
Number of asset objects unloaded after import = 3
========================================================================
Received Import Request.
  Time since last request: 0.000088 seconds.
  path: Assets/kenney_tinydungeon/Tiles/tile_0114.png
  artifactKey: Guid(3a0e29e95f9a78d4ea6731b7b2168f52) Importer(2089858483,0ecaa5967403d082aa24f35e1b516d23)
Start importing Assets/kenney_tinydungeon/Tiles/tile_0114.png using Guid(3a0e29e95f9a78d4ea6731b7b2168f52) Importer(2089858483,0ecaa5967403d082aa24f35e1b516d23) Generated GUIDs only implemented for interfaces!
 -> (artifact id: '6e992b2fc1344e7a0124e4f545ff3059') in 0.486255 seconds
Number of updated asset objects reloaded before import = 0
Number of asset objects unloaded after import = 3
========================================================================
Received Import Request.
  Time since last request: 0.000211 seconds.
  path: Assets/kenney_tinydungeon/Tiles/tile_0129.png
  artifactKey: Guid(d1fbf76201aa58041ad781652f1e37f2) Importer(2089858483,0ecaa5967403d082aa24f35e1b516d23)
Start importing Assets/kenney_tinydungeon/Tiles/tile_0129.png using Guid(d1fbf76201aa58041ad781652f1e37f2) Importer(2089858483,0ecaa5967403d082aa24f35e1b516d23) Generated GUIDs only implemented for interfaces!
 -> (artifact id: 'aa7586eeedec167aae603c8d0d0e851f') in 0.271994 seconds
Number of updated asset objects reloaded before import = 0
Number of asset objects unloaded after import = 3
========================================================================
Received Import Request.
  Time since last request: 0.000056 seconds.
  path: Assets/kenney_tinydungeon/Tiles/tile_0047.png
  artifactKey: Guid(d3bfc2310cf47304c80e78503cce4db3) Importer(2089858483,0ecaa5967403d082aa24f35e1b516d23)
Start importing Assets/kenney_tinydungeon/Tiles/tile_0047.png using Guid(d3bfc2310cf47304c80e78503cce4db3) Importer(2089858483,0ecaa5967403d082aa24f35e1b516d23) Generated GUIDs only implemented for interfaces!
 -> (artifact id: '385b933af9172488d86536aa6ffd031d') in 0.261883 seconds
Number of updated asset objects reloaded before import = 0
Number of asset objects unloaded after import = 3
========================================================================
Received Import Request.
  Time since last request: 0.000064 seconds.
  path: Assets/kenney_tinydungeon/tiles_unity/tile_0020.asset
  artifactKey: Guid(76380369872fb9f489e108809b4841d7) Importer(2089858483,0ecaa5967403d082aa24f35e1b516d23)
Start importing Assets/kenney_tinydungeon/tiles_unity/tile_0020.asset using Guid(76380369872fb9f489e108809b4841d7) Importer(2089858483,0ecaa5967403d082aa24f35e1b516d23) Generated GUIDs only implemented for interfaces!
 -> (artifact id: 'f28001613e9bc3032726e0fd54ca059f') in 0.448926 seconds
Number of updated asset objects reloaded before import = 0
Number of asset objects unloaded after import = 3
========================================================================
Received Import Request.
  Time since last request: 0.000062 seconds.
  path: Assets/kenney_tinydungeon/tiles_unity/tile_0026.asset
  artifactKey: Guid(40bb2bab30ee643478fd134760dc80a2) Importer(2089858483,0ecaa5967403d082aa24f35e1b516d23)
Start importing Assets/kenney_tinydungeon/tiles_unity/tile_0026.asset using Guid(40bb2bab30ee643478fd134760dc80a2) Importer(2089858483,0ecaa5967403d082aa24f35e1b516d23) Generated GUIDs only implemented for interfaces!
 -> (artifact id: '0bb7b690db655106ca18699017ea2be7') in 0.205373 seconds
Number of updated asset objects reloaded before import = 0
Number of asset objects unloaded after import = 3
========================================================================
Received Import Request.
  Time since last request: 0.000345 seconds.
  path: Assets/kenney_tinydungeon/tiles_unity/tile_0033.asset
  artifactKey: Guid(1286d1e8e025b2c4f8a3333f5ba67d7a) Importer(2089858483,0ecaa5967403d082aa24f35e1b516d23)
Start importing Assets/kenney_tinydungeon/tiles_unity/tile_0033.asset using Guid(1286d1e8e025b2c4f8a3333f5ba67d7a) Importer(2089858483,0ecaa5967403d082aa24f35e1b516d23) Generated GUIDs only implemented for interfaces!
 -> (artifact id: 'bef9329bb9f38653fc1bdf4435badd58') in 0.168085 seconds
Number of updated asset objects reloaded before import = 0
Number of asset objects unloaded after import = 3
========================================================================
Received Import Request.
  Time since last request: 0.000079 seconds.
  path: Assets/kenney_tinydungeon/tiles_unity/tile_0027.asset
  artifactKey: Guid(8bf980c994fa7c94dade3cacadc9c751) Importer(2089858483,0ecaa5967403d082aa24f35e1b516d23)
Start importing Assets/kenney_tinydungeon/tiles_unity/tile_0027.asset using Guid(8bf980c994fa7c94dade3cacadc9c751) Importer(2089858483,0ecaa5967403d082aa24f35e1b516d23) Generated GUIDs only implemented for interfaces!
 -> (artifact id: 'cf7bfbab8315bc0661f7e3365a8cdf1f') in 0.287653 seconds
Number of updated asset objects reloaded before import = 0
Number of asset objects unloaded after import = 3
========================================================================
Received Import Request.
  Time since last request: 0.000134 seconds.
  path: Assets/kenney_tinydungeon/Tiles/tile_0117.png
  artifactKey: Guid(4123c6fbf4536cd4cbd39028d1c2d066) Importer(2089858483,0ecaa5967403d082aa24f35e1b516d23)
Start importing Assets/kenney_tinydungeon/Tiles/tile_0117.png using Guid(4123c6fbf4536cd4cbd39028d1c2d066) Importer(2089858483,0ecaa5967403d082aa24f35e1b516d23) Generated GUIDs only implemented for interfaces!
 -> (artifact id: 'b5c8c215037d588a9b59fbfab021ca08') in 0.381433 seconds
Number of updated asset objects reloaded before import = 0
Number of asset objects unloaded after import = 3
========================================================================
Received Import Request.
  Time since last request: 0.000108 seconds.
  path: Assets/kenney_tinydungeon/Tiles/tile_0108.png
  artifactKey: Guid(b1f955633072a454eba3f972e314943f) Importer(2089858483,0ecaa5967403d082aa24f35e1b516d23)
Start importing Assets/kenney_tinydungeon/Tiles/tile_0108.png using Guid(b1f955633072a454eba3f972e314943f) Importer(2089858483,0ecaa5967403d082aa24f35e1b516d23) Generated GUIDs only implemented for interfaces!
 -> (artifact id: '97649b5e96dec1980882a9b18d51698e') in 0.302858 seconds
Number of updated asset objects reloaded before import = 0
Number of asset objects unloaded after import = 3
========================================================================
Received Import Request.
  Time since last request: 0.000379 seconds.
  path: Assets/kenney_tinydungeon/tiles_unity/tile_0036.asset
  artifactKey: Guid(b84536228d3803541929024755d5a08f) Importer(2089858483,0ecaa5967403d082aa24f35e1b516d23)
Start importing Assets/kenney_tinydungeon/tiles_unity/tile_0036.asset using Guid(b84536228d3803541929024755d5a08f) Importer(2089858483,0ecaa5967403d082aa24f35e1b516d23) Generated GUIDs only implemented for interfaces!
 -> (artifact id: '68087747657c365143dd992f54827fdc') in 0.195732 seconds
Number of updated asset objects reloaded before import = 0
Number of asset objects unloaded after import = 3
========================================================================
Received Import Request.
  Time since last request: 0.000049 seconds.
  path: Assets/kenney_tinydungeon/Dungeon.prefab
  artifactKey: Guid(e0a46314e0639294c98da9a1a29f9345) Importer(2089858483,0ecaa5967403d082aa24f35e1b516d23)
Start importing Assets/kenney_tinydungeon/Dungeon.prefab using Guid(e0a46314e0639294c98da9a1a29f9345) Importer(2089858483,0ecaa5967403d082aa24f35e1b516d23) Generated GUIDs only implemented for interfaces!
 -> (artifact id: 'fba0475e8d8947cf96e7cd61ec058914') in 0.265616 seconds
Number of updated asset objects reloaded before import = 0
Number of asset objects unloaded after import = 10
========================================================================
Received Import Request.
  Time since last request: 0.000110 seconds.
  path: Assets/kenney_tinydungeon/tiles_unity/tile_0042.asset
  artifactKey: Guid(c1ca47f596ab0344caa59ca565748f87) Importer(2089858483,0ecaa5967403d082aa24f35e1b516d23)
Start importing Assets/kenney_tinydungeon/tiles_unity/tile_0042.asset using Guid(c1ca47f596ab0344caa59ca565748f87) Importer(2089858483,0ecaa5967403d082aa24f35e1b516d23) Generated GUIDs only implemented for interfaces!
 -> (artifact id: '89610f6244fa3c4596dcb11438d477f3') in 0.188529 seconds
Number of updated asset objects reloaded before import = 0
Number of asset objects unloaded after import = 3
========================================================================
Received Import Request.
  Time since last request: 0.000066 seconds.
  path: Assets/kenney_tinydungeon/Tiles/tile_0100.png
  artifactKey: Guid(dfab71d348e3c9e45a50b21052094169) Importer(2089858483,0ecaa5967403d082aa24f35e1b516d23)
Start importing Assets/kenney_tinydungeon/Tiles/tile_0100.png using Guid(dfab71d348e3c9e45a50b21052094169) Importer(2089858483,0ecaa5967403d082aa24f35e1b516d23) Generated GUIDs only implemented for interfaces!
 -> (artifact id: '0cb1f0228d99d989ab0d5bc0aa79d3e5') in 0.349813 seconds
Number of updated asset objects reloaded before import = 0
Number of asset objects unloaded after import = 3
========================================================================
Received Import Request.
  Time since last request: 0.000128 seconds.
  path: Assets/kenney_tinydungeon/Tiles/tile_0001.png
  artifactKey: Guid(6fee20dddb6d3f34695dfedae90aa3e4) Importer(2089858483,0ecaa5967403d082aa24f35e1b516d23)
Start importing Assets/kenney_tinydungeon/Tiles/tile_0001.png using Guid(6fee20dddb6d3f34695dfedae90aa3e4) Importer(2089858483,0ecaa5967403d082aa24f35e1b516d23) Generated GUIDs only implemented for interfaces!
 -> (artifact id: 'bc2a2abc7281e11db4966e4210ad38e9') in 0.379174 seconds
Number of updated asset objects reloaded before import = 0
Number of asset objects unloaded after import = 3
========================================================================
Received Import Request.
  Time since last request: 0.000054 seconds.
  path: Assets/kenney_tinydungeon/tiles_unity/tile_0016.asset
  artifactKey: Guid(21470d9a832a669429a59315c8b4010b) Importer(2089858483,0ecaa5967403d082aa24f35e1b516d23)
Start importing Assets/kenney_tinydungeon/tiles_unity/tile_0016.asset using Guid(21470d9a832a669429a59315c8b4010b) Importer(2089858483,0ecaa5967403d082aa24f35e1b516d23) Generated GUIDs only implemented for interfaces!
 -> (artifact id: '65ce0b13c27c6233b60afab0919c682c') in 0.379152 seconds
Number of updated asset objects reloaded before import = 0
Number of asset objects unloaded after import = 3
========================================================================
Received Import Request.
  Time since last request: 0.000135 seconds.
  path: Assets/kenney_tinydungeon/tiles_unity/tile_0028.asset
  artifactKey: Guid(fccae0831067c30468f407d2c4eb39f7) Importer(2089858483,0ecaa5967403d082aa24f35e1b516d23)
Start importing Assets/kenney_tinydungeon/tiles_unity/tile_0028.asset using Guid(fccae0831067c30468f407d2c4eb39f7) Importer(2089858483,0ecaa5967403d082aa24f35e1b516d23) Generated GUIDs only implemented for interfaces!
 -> (artifact id: '93a36280ff520cb6c13bb1c18e5d4784') in 0.374829 seconds
Number of updated asset objects reloaded before import = 0
Number of asset objects unloaded after import = 3
========================================================================
Received Import Request.
  Time since last request: 0.004903 seconds.
  path: Assets/kenney_tinydungeon/tiles_unity/tile_0007.asset
  artifactKey: Guid(bde56ed88d2566845ae3eafac225db94) Importer(2089858483,0ecaa5967403d082aa24f35e1b516d23)
Start importing Assets/kenney_tinydungeon/tiles_unity/tile_0007.asset using Guid(bde56ed88d2566845ae3eafac225db94) Importer(2089858483,0ecaa5967403d082aa24f35e1b516d23) Generated GUIDs only implemented for interfaces!
 -> (artifact id: '2ad5660b0dca62be053e633f931938ce') in 0.239710 seconds
Number of updated asset objects reloaded before import = 0
Number of asset objects unloaded after import = 3
========================================================================
Received Import Request.
  Time since last request: 0.003480 seconds.
  path: Assets/kenney_tinydungeon/Tiles/tile_0112.png
  artifactKey: Guid(2964078ac6bc875428deb30e1accfe9c) Importer(2089858483,0ecaa5967403d082aa24f35e1b516d23)
Start importing Assets/kenney_tinydungeon/Tiles/tile_0112.png using Guid(2964078ac6bc875428deb30e1accfe9c) Importer(2089858483,0ecaa5967403d082aa24f35e1b516d23) Generated GUIDs only implemented for interfaces!
 -> (artifact id: '6b732feb0283d8942f34818a3763a612') in 0.382235 seconds
Number of updated asset objects reloaded before import = 0
Number of asset objects unloaded after import = 3
========================================================================
Received Import Request.
  Time since last request: 0.000097 seconds.
  path: Assets/Mathfs-master/Editor/MathfsCodegen.cs
  artifactKey: Guid(0c152a4285a384e82b731c40d3751c36) Importer(2089858483,0ecaa5967403d082aa24f35e1b516d23)
Start importing Assets/Mathfs-master/Editor/MathfsCodegen.cs using Guid(0c152a4285a384e82b731c40d3751c36) Importer(2089858483,0ecaa5967403d082aa24f35e1b516d23) Generated GUIDs only implemented for interfaces!
 -> (artifact id: 'aa751876b10f1aa17a6b3bb81dabc050') in 0.117053 seconds
Number of updated asset objects reloaded before import = 0
Number of asset objects unloaded after import = 1
========================================================================
Received Import Request.
  Time since last request: 0.000338 seconds.
  path: Assets/kenney_tinydungeon/Tiles/tile_0113.png
  artifactKey: Guid(7d0eada764a84a14f9f0c8bdc91ceb4d) Importer(2089858483,0ecaa5967403d082aa24f35e1b516d23)
Start importing Assets/kenney_tinydungeon/Tiles/tile_0113.png using Guid(7d0eada764a84a14f9f0c8bdc91ceb4d) Importer(2089858483,0ecaa5967403d082aa24f35e1b516d23) Generated GUIDs only implemented for interfaces!
 -> (artifact id: '7822941245f23c4f5826eeed4bd38c17') in 0.402399 seconds
Number of updated asset objects reloaded before import = 0
Number of asset objects unloaded after import = 3
========================================================================
Received Prepare
Begin MonoManager ReloadAssembly
Symbol file LoadedFromMemory doesn't match image D:\Unity\MyGames\PCG-Dungeon\Library\PackageCache\com.unity.visualscripting@1.8.0\Editor\VisualScripting.Core\Dependencies\YamlDotNet\Unity.VisualScripting.YamlDotNet.dll
Symbol file LoadedFromMemory doesn't match image D:\Unity\MyGames\PCG-Dungeon\Library\PackageCache\com.unity.visualscripting@1.8.0\Editor\VisualScripting.Core\Dependencies\DotNetZip\Unity.VisualScripting.IonicZip.dll
- Loaded All Assemblies, in  3.114 seconds
Refreshing native plugins compatible for Editor in 8.11 ms, found 4 plugins.
Native extension for WindowsStandalone target not found
Mono: successfully reloaded assembly
- Finished resetting the current domain, in  2.266 seconds
Domain Reload Profiling: 5348ms
	BeginReloadAssembly (1202ms)
		ExecutionOrderSort (0ms)
		DisableScriptedObjects (120ms)
		BackupInstance (0ms)
		ReleaseScriptingObjects (0ms)
		CreateAndSetChildDomain (335ms)
	RebuildCommonClasses (275ms)
	RebuildNativeTypeToScriptingClass (99ms)
	initialDomainReloadingComplete (205ms)
	LoadAllAssembliesAndSetupDomain (1300ms)
		LoadAssemblies (1271ms)
		RebuildTransferFunctionScriptingTraits (0ms)
		AnalyzeDomain (605ms)
			TypeCache.Refresh (565ms)
				TypeCache.ScanAssembly (548ms)
			ScanForSourceGeneratedMonoScriptInfo (0ms)
			ResolveRequiredComponents (39ms)
	FinalizeReload (2267ms)
		ReleaseScriptCaches (0ms)
		RebuildScriptCaches (0ms)
		SetupLoadedEditorAssemblies (974ms)
			LogAssemblyErrors (0ms)
			InitializePlatformSupportModulesInManaged (10ms)
			SetLoadedEditorAssemblies (14ms)
			RefreshPlugins (0ms)
			BeforeProcessingInitializeOnLoad (336ms)
			ProcessInitializeOnLoadAttributes (466ms)
			ProcessInitializeOnLoadMethodAttributes (133ms)
			AfterProcessingInitializeOnLoad (14ms)
			EditorAssembliesLoaded (0ms)
		ExecutionOrderSort2 (0ms)
		AwakeInstancesAfterBackupRestoration (32ms)
Refreshing native plugins compatible for Editor in 4.10 ms, found 4 plugins.
Preloading 0 native plugins for Editor in 0.00 ms.
Unloading 5645 Unused Serialized files (Serialized files now loaded: 0)
Unloading 48 unused Assets / (320.8 KB). Loaded Objects now: 6269.
Memory consumption went from 192.4 MB to 192.1 MB.
Total: 9.080200 ms (FindLiveObjects: 1.289700 ms CreateObjectMapping: 1.146400 ms MarkObjects: 6.460300 ms  DeleteObjects: 0.182000 ms)

Prepare: number of updated asset objects reloaded= 0
AssetImportParameters requested are different than current active one (requested -> active):
  custom:container-demuxer-ogg: 62fdf1f143b41e24485cea50d1cbac27 -> 
  custom:video-decoder-ogg-theora: a1e56fd34408186e4bbccfd4996cb3dc -> 
  custom:framework-win-MediaFoundation: 216162199b28c13a410421893ffa2e32 -> 
  custom:container-demuxer-webm: 4f35f7cbe854078d1ac9338744f61a02 -> 
  custom:container-muxer-webm: aa71ff27fc2769a1b78a27578f13a17b -> 
  custom:video-decoder-webm-vp8: 9c59270c3fd7afecdb556c50c9e8de78 -> 
  custom:SearchIndexIgnoredProperties: e643bd26f0fe6173181afceb89e7c659 -> 
  custom:AudioImporter_EditorPlatform: d09bf68614088b80899f8185d706f6e7 -> 
  custom:video-encoder-webm-vp8: eb34c28f22e8b96e1ab97ce403110664 -> 
  custom:audio-decoder-ogg-vorbis: bf7c407c2cedff20999df2af8eb42d56 -> 
  custom:audio-encoder-webm-vorbis: bf7c407c2cedff20999df2af8eb42d56 -> 
